<?xml version="1.0" encoding="UTF-8" ?>
<testsuite errors="3" failures="0" hostname="P-V-7" name="T0802.T08021_关键字搜索_参数化测试_谷歌浏览器68" skipped="0" tests="3" time="0.041" timestamp="2018-08-23T06:34:14">
  <properties>
    <property name="java.vendor" value="Oracle Corporation" />
    <property name="env.USERDOMAIN_ROAMINGPROFILE" value="P-V-7" />
    <property name="sun.java.launcher" value="SUN_STANDARD" />
    <property name="eclipse.pdebuild.templates" value="C:\Users\Administrator\.p2\pool\plugins\org.eclipse.pde.build_3.9.300.v20170515-0912\templates" />
    <property name="sun.management.compiler" value="HotSpot 64-Bit Tiered Compilers" />
    <property name="env.CURR_DIR" value="C:\Program Files (x86)\HP\LoadRunner\dat\Setup\LoadRunner\MSBuild\..\..\..\.." />
    <property name="env.PROMPT" value="$P$G" />
    <property name="env.LSERVRC" value="C:\ProgramData\HP\Functional testing\License\lservrc" />
    <property name="os.name" value="Windows 10" />
    <property name="sun.boot.class.path" value="C:\Program Files\Java\jre1.8.0_131\lib\resources.jar;C:\Program Files\Java\jre1.8.0_131\lib\rt.jar;C:\Program Files\Java\jre1.8.0_131\lib\sunrsasign.jar;C:\Program Files\Java\jre1.8.0_131\lib\jsse.jar;C:\Program Files\Java\jre1.8.0_131\lib\jce.jar;C:\Program Files\Java\jre1.8.0_131\lib\charsets.jar;C:\Program Files\Java\jre1.8.0_131\lib\jfr.jar;C:\Program Files\Java\jre1.8.0_131\classes" />
    <property name="env.COMPUTERNAME" value="P-V-7" />
    <property name="env.CommonProgramW6432" value="C:\Program Files\Common Files" />
    <property name="env.ALLUSERSPROFILE" value="C:\ProgramData" />
    <property name="ant.file.type.JunitTest_0801" value="file" />
    <property name="sun.desktop" value="windows" />
    <property name="java.vm.specification.vendor" value="Oracle Corporation" />
    <property name="ant.home" value="C:\Users\Administrator\.p2\pool\plugins\org.apache.ant_1.10.1.v20170504-0840" />
    <property name="java.runtime.version" value="1.8.0_131-b11" />
    <property name="env.HOMEPATH" value="\Users\Administrator" />
    <property name="user.name" value="Administrator" />
    <property name="user.language" value="zh" />
    <property name="sun.boot.library.path" value="C:\Program Files\Java\jre1.8.0_131\bin" />
    <property name="ant.project.default-target" value="build" />
    <property name="ant.project.name" value="JunitTest_0801" />
    <property name="java.version" value="1.8.0_131" />
    <property name="env.PROCESSOR_IDENTIFIER" value="Intel64 Family 6 Model 158 Stepping 9, GenuineIntel" />
    <property name="user.timezone" value="" />
    <property name="env.TEMP" value="C:\Users\ADMINI~1\AppData\Local\Temp" />
    <property name="sun.arch.data.model" value="64" />
    <property name="java.endorsed.dirs" value="C:\Program Files\Java\jre1.8.0_131\lib\endorsed" />
    <property name="sun.cpu.isalist" value="amd64" />
    <property name="env.HOMEDRIVE" value="C:" />
    <property name="sun.jnu.encoding" value="GBK" />
    <property name="file.encoding.pkg" value="sun.io" />
    <property name="ECLIPSE_HOME" value="../../eclipse/eclipse/" />
    <property name="file.separator" value="\" />
    <property name="java.specification.name" value="Java Platform API Specification" />
    <property name="java.class.version" value="52.0" />
    <property name="user.country" value="CN" />
    <property name="java.home" value="C:\Program Files\Java\jre1.8.0_131" />
    <property name="env.PSModulePath" value="C:\Program Files\WindowsPowerShell\Modules;C:\windows\system32\WindowsPowerShell\v1.0\Modules" />
    <property name="env.APPDATA" value="C:\Users\Administrator\AppData\Roaming" />
    <property name="env.PUBLIC" value="C:\Users\Public" />
    <property name="java.vm.info" value="mixed mode" />
    <property name="env.ComSpec" value="C:\windows\system32\cmd.exe" />
    <property name="env.OS" value="Windows_NT" />
    <property name="env.CommonProgramFiles" value="C:\Program Files\Common Files" />
    <property name="ant.file" value="D:\工作空间0801\JunitTest_0801\build.xml" />
    <property name="os.version" value="10.0" />
    <property name="env.ProgramW6432" value="C:\Program Files" />
    <property name="env.EXTRACTPATH" value="C:\Program Files (x86)\HP\LoadRunner\dat\Setup\LoadRunner\MSBuild\..\..\..\.." />
    <property name="path.separator" value=";" />
    <property name="java.vm.version" value="25.131-b11" />
    <property name="user.variant" value="" />
    <property name="env.USERPROFILE" value="C:\Users\Administrator" />
    <property name="ant.library.dir" value="C:\Users\Administrator\.p2\pool\plugins\org.apache.ant_1.10.1.v20170504-0840\lib" />
    <property name="junit.output.dir" value="junit" />
    <property name="java.awt.printerjob" value="sun.awt.windows.WPrinterJob" />
    <property name="env.TERM" value="dumb" />
    <property name="env.TMP" value="C:\Users\ADMINI~1\AppData\Local\Temp" />
    <property name="env.FPS_BROWSER_USER_PROFILE_STRING" value="Default" />
    <property name="sun.io.unicode.encoding" value="UnicodeLittle" />
    <property name="awt.toolkit" value="sun.awt.windows.WToolkit" />
    <property name="user.script" value="" />
    <property name="eclipse.pdebuild.scripts" value="C:\Users\Administrator\.p2\pool\plugins\org.eclipse.pde.build_3.9.300.v20170515-0912\scripts" />
    <property name="env.FTP_PASSIVE" value="1" />
    <property name="user.home" value="C:\Users\Administrator" />
    <property name="target" value="1.8" />
    <property name="env.ProgramData" value="C:\ProgramData" />
    <property name="env.SESSIONNAME" value="Console" />
    <property name="env.ProgramFiles(x86)" value="C:\Program Files (x86)" />
    <property name="env.CLASSPATH" value="“.;”" />
    <property name="java.specification.vendor" value="Oracle Corporation" />
    <property name="java.vendor.url" value="http://java.oracle.com/" />
    <property name="env.NUMBER_OF_PROCESSORS" value="4" />
    <property name="java.library.path" value="C:\Program Files\Java\jre1.8.0_131\bin;C:\windows\Sun\Java\bin;C:\windows\system32;C:\windows;C:\ProgramData\Oracle\Java\javapath;C:\windows\system32;C:\windows;C:\windows\System32\Wbem;C:\windows\System32\WindowsPowerShell\v1.0\;C:\Program Files\Java\jre1.8.0_131;C:\strawberry\c\bin;C:\strawberry\perl\bin;C:\Java\jdk1.8.0_131\bin;C:\Program Files\Java\jre1.8.0_131\bin\javaw.exe;D:\;D:\;C:\windows\system32;C:\windows;C:\windows\System32\Wbem;C:\windows\System32\WindowsPowerShell\v1.0\;C:\Program Files (x86)\Microsoft SQL Server\100\Tools\Binn\;C:\Program Files\Microsoft SQL Server\100\Tools\Binn\;C:\Program Files\Microsoft SQL Server\100\DTS\Binn\;C:\Program Files (x86)\Microsoft SQL Server\100\Tools\Binn\VSShell\Common7\IDE\;C:\Program Files (x86)\Microsoft SQL Server\100\DTS\Binn\;C:\Program Files\TortoiseSVN\bin;C:\Program Files\Java\jdk1.8.0_131\;C:\strawberry\c\bin;C:\strawberry\perl\bin;C:\Users\Administrator\AppData\Local\Microsoft\WindowsApps;C:\Users\Administrator\AppData\Local\Turbo\Cmd\;C:\Program Files (x86)\SSH Communications Security\SSH Secure Shell;C:\Users\Administrator\AppData\Local\Programs\Fiddler;D:\新建文件夹\Fiddler;;." />
    <property name="java.vm.vendor" value="Oracle Corporation" />
    <property name="java.runtime.name" value="Java(TM) SE Runtime Environment" />
    <property name="ant.version" value="Apache Ant(TM) version 1.10.1 compiled on February 2 2017" />
    <property name="java.class.path" value="D:\工作空间0801\JunitTest_0801\bin;C:\Users\Administrator\.p2\pool\plugins\org.junit.jupiter.api_5.0.0.v20170910-2246.jar;C:\Users\Administrator\.p2\pool\plugins\org.junit.jupiter.engine_5.0.0.v20170910-2246.jar;C:\Users\Administrator\.p2\pool\plugins\org.junit.jupiter.migrationsupport_5.0.0.v20170910-2246.jar;C:\Users\Administrator\.p2\pool\plugins\org.junit.jupiter.params_5.0.0.v20170910-2246.jar;C:\Users\Administrator\.p2\pool\plugins\org.junit.platform.commons_1.0.0.v20170910-2246.jar;C:\Users\Administrator\.p2\pool\plugins\org.junit.platform.engine_1.0.0.v20170910-2246.jar;C:\Users\Administrator\.p2\pool\plugins\org.junit.platform.launcher_1.0.0.v20170910-2246.jar;C:\Users\Administrator\.p2\pool\plugins\org.junit.platform.runner_1.0.0.v20170910-2246.jar;C:\Users\Administrator\.p2\pool\plugins\org.junit.platform.suite.api_1.0.0.v20170910-2246.jar;C:\Users\Administrator\.p2\pool\plugins\org.junit.vintage.engine_4.12.0.v20170910-2246.jar;C:\Users\Administrator\.p2\pool\plugins\org.opentest4j_1.0.0.v20170910-2246.jar;C:\Users\Administrator\.p2\pool\plugins\org.apiguardian_1.0.0.v20170910-2246.jar;C:\Users\Administrator\.p2\pool\plugins\org.junit_4.12.0.v201504281640\junit.jar;C:\Users\Administrator\.p2\pool\plugins\org.hamcrest.core_1.3.0.v201303031735.jar;D:\eclipse\eclipse\selenim3-jar包\libs\byte-buddy-1.7.9.jar;D:\eclipse\eclipse\selenim3-jar包\libs\byte-buddy-1.8.3.jar;D:\eclipse\eclipse\selenim3-jar包\libs\commons-codec-1.10.jar;D:\eclipse\eclipse\selenim3-jar包\libs\commons-exec-1.3.jar;D:\eclipse\eclipse\selenim3-jar包\libs\commons-logging-1.2.jar;D:\eclipse\eclipse\selenim3-jar包\libs\gson-2.8.2.jar;D:\eclipse\eclipse\selenim3-jar包\libs\guava-23.6-jre.jar;D:\eclipse\eclipse\selenim3-jar包\libs\httpclient-4.5.3.jar;D:\eclipse\eclipse\selenim3-jar包\libs\httpcore-4.4.6.jar;D:\eclipse\eclipse\selenim3-jar包\libs\okhttp-3.9.1.jar;D:\eclipse\eclipse\selenim3-jar包\libs\okio-1.13.0.jar;D:\eclipse\eclipse\selenim3-jar包\client-combined-3.11.0.jar;D:\eclipse\eclipse\selenim3-jar包\client-combined-3.11.0-sources.jar;D:\eclipse\eclipse\selenim3-jar包\client-combined-3.12.0.jar;D:\eclipse\eclipse\selenim3-jar包\client-combined-3.12.0-sources.jar;C:\Users\Administrator\.p2\pool\plugins\org.apache.ant_1.10.1.v20170504-0840\lib\ant-launcher.jar;C:\Users\Administrator\.p2\pool\plugins\org.apache.ant_1.10.1.v20170504-0840\lib\ant.jar;C:\Users\Administrator\.p2\pool\plugins\org.apache.ant_1.10.1.v20170504-0840\lib\ant-junit.jar;C:\Users\Administrator\.p2\pool\plugins\org.apache.ant_1.10.1.v20170504-0840\lib\ant-junit4.jar" />
    <property name="sun.java.command" value="org.apache.tools.ant.taskdefs.optional.junit.JUnitTestRunner T0802.T08021_关键字搜索_参数化测试_谷歌浏览器68 skipNonTests=false filtertrace=true haltOnError=false haltOnFailure=false formatter=org.apache.tools.ant.taskdefs.optional.junit.OutErrSummaryJUnitResultFormatter showoutput=false outputtoformatters=true logfailedtests=true threadid=0 logtestlistenerevents=false formatter=org.apache.tools.ant.taskdefs.optional.junit.XMLJUnitResultFormatter,D:\工作空间0801\JunitTest_0801\junit\TEST-T0802.T08021_关键字搜索_参数化测试_谷歌浏览器68.xml crashfile=D:\工作空间0801\JunitTest_0801\junitvmwatcher8265231590705407978.properties propsfile=D:\工作空间0801\JunitTest_0801\junit1086814491300433075.properties" />
    <property name="java.vm.specification.name" value="Java Virtual Machine Specification" />
    <property name="env.windir" value="C:\windows" />
    <property name="env.LOGONSERVER" value="\\P-V-7" />
    <property name="env.PROCESSOR_ARCHITECTURE" value="AMD64" />
    <property name="java.vm.specification.version" value="1.8" />
    <property name="sun.os.patch.level" value="" />
    <property name="sun.cpu.endian" value="little" />
    <property name="debuglevel" value="source,lines,vars" />
    <property name="env.OneDrive" value="C:\Users\Administrator\OneDrive" />
    <property name="env.ProgramFiles" value="C:\Program Files" />
    <property name="env.ANT_HOME" value="C:\Users\Administrator\.p2\pool\plugins\org.apache.ant_1.10.1.v20170504-0840" />
    <property name="env.PROCESSOR_REVISION" value="9e09" />
    <property name="eclipse.pdebuild.home" value="C:\Users\Administrator\.p2\pool\plugins\org.eclipse.pde.build_3.9.300.v20170515-0912\." />
    <property name="java.io.tmpdir" value="C:\Users\ADMINI~1\AppData\Local\Temp\" />
    <property name="env.CommonProgramFiles(x86)" value="C:\Program Files (x86)\Common Files" />
    <property name="java.vendor.url.bug" value="http://bugreport.sun.com/bugreport/" />
    <property name="env.SystemRoot" value="C:\windows" />
    <property name="env.FPS_BROWSER_APP_PROFILE_STRING" value="Internet Explorer" />
    <property name="java.awt.graphicsenv" value="sun.awt.Win32GraphicsEnvironment" />
    <property name="os.arch" value="amd64" />
    <property name="java.ext.dirs" value="C:\Program Files\Java\jre1.8.0_131\lib\ext;C:\windows\Sun\Java\lib\ext" />
    <property name="env.LOCALAPPDATA" value="C:\Users\Administrator\AppData\Local" />
    <property name="user.dir" value="D:\工作空间0801\JunitTest_0801" />
    <property name="line.separator" value="&#xd;&#xa;" />
    <property name="java.vm.name" value="Java HotSpot(TM) 64-Bit Server VM" />
    <property name="env.PATHEXT" value=".COM;.EXE;.BAT;.CMD;.VBS;.VBE;.JS;.JSE;.WSF;.WSH;.MSC" />
    <property name="org.apache.tools.ant.taskdefs.optional.junit.AggregateTransformer0" value="C:\Users\ADMINI~1\AppData\Local\Temp\null1234054409" />
    <property name="env.Path" value="C:\ProgramData\Oracle\Java\javapath;C:\windows\system32;C:\windows;C:\windows\System32\Wbem;C:\windows\System32\WindowsPowerShell\v1.0\;C:\Program Files\Java\jre1.8.0_131;C:\strawberry\c\bin;C:\strawberry\perl\bin;C:\Java\jdk1.8.0_131\bin;C:\Program Files\Java\jre1.8.0_131\bin\javaw.exe;D:\;D:\;C:\windows\system32;C:\windows;C:\windows\System32\Wbem;C:\windows\System32\WindowsPowerShell\v1.0\;C:\Program Files (x86)\Microsoft SQL Server\100\Tools\Binn\;C:\Program Files\Microsoft SQL Server\100\Tools\Binn\;C:\Program Files\Microsoft SQL Server\100\DTS\Binn\;C:\Program Files (x86)\Microsoft SQL Server\100\Tools\Binn\VSShell\Common7\IDE\;C:\Program Files (x86)\Microsoft SQL Server\100\DTS\Binn\;C:\Program Files\TortoiseSVN\bin;C:\Program Files\Java\jdk1.8.0_131\;C:\strawberry\c\bin;C:\strawberry\perl\bin;C:\Users\Administrator\AppData\Local\Microsoft\WindowsApps;C:\Users\Administrator\AppData\Local\Turbo\Cmd\;C:\Program Files (x86)\SSH Communications Security\SSH Secure Shell;C:\Users\Administrator\AppData\Local\Programs\Fiddler;D:\新建文件夹\Fiddler;" />
    <property name="basedir" value="D:\工作空间0801\JunitTest_0801" />
    <property name="ant.java.version" value="1.8" />
    <property name="ant.core.lib" value="C:\Users\Administrator\.p2\pool\plugins\org.apache.ant_1.10.1.v20170504-0840\lib\ant.jar" />
    <property name="env.USERNAME" value="Administrator" />
    <property name="source" value="1.8" />
    <property name="env.SystemDrive" value="C:" />
    <property name="file.encoding" value="GBK" />
    <property name="env.USERDOMAIN" value="P-V-7" />
    <property name="ant.file.JunitTest_0801" value="D:\工作空间0801\JunitTest_0801\build.xml" />
    <property name="java.specification.version" value="1.8" />
    <property name="ant.project.invoked-targets" value="junitreport,T08021_关键字搜索_参数化测试_谷歌浏览器68,build" />
    <property name="env.TARGETDIR" value="C:\Program Files (x86)\HP\LoadRunner\dat\Setup\LoadRunner\MSBuild\..\..\..\.." />
    <property name="env.LOG_FILE" value="C:\Users\ADMINI~1\AppData\Local\Temp\ihp_custom_batches.log" />
    <property name="env.PROCESSOR_LEVEL" value="6" />
  </properties>
  <testcase classname="T0802.T08021_关键字搜索_参数化测试_谷歌浏览器68" name="initializationError" time="0.0">
    <error message="The class T0802.T08021_关键字搜索_参数化测试_谷歌浏览器68 is not public." type="java.lang.Exception">java.lang.Exception: The class T0802.T08021_关键字搜索_参数化测试_谷歌浏览器68 is not public.
	at java.lang.reflect.Constructor.newInstance(Unknown Source)
</error>
    <error message="Test class should have exactly one public constructor" type="java.lang.Exception">java.lang.Exception: Test class should have exactly one public constructor
	at java.lang.reflect.Constructor.newInstance(Unknown Source)
</error>
    <error message="No runnable methods" type="java.lang.Exception">java.lang.Exception: No runnable methods
	at java.lang.reflect.Constructor.newInstance(Unknown Source)
</error>
  </testcase>
  <system-out><![CDATA[]]></system-out>
  <system-err><![CDATA[]]></system-err>
</testsuite>
